current directory: /Users/okamotokeita/rainnotice/vender/bundle/ruby/2.6.0/gems/ffi-1.13.1/ext/ffi_c
/System/Library/Frameworks/Ruby.framework/Versions/2.6/usr/bin/ruby -I /System/Library/Frameworks/Ruby.framework/Versions/2.6/usr/lib/ruby/2.6.0 -r ./siteconf20200612-1805-1v53nxm.rb extconf.rb
checking for ffi_prep_closure_loc() in -lffi... yes
checking for ffi_prep_cif_var()... yes
checking for ffi_raw_call()... yes
checking for ffi_prep_raw_closure()... yes
creating extconf.h
creating Makefile

current directory: /Users/okamotokeita/rainnotice/vender/bundle/ruby/2.6.0/gems/ffi-1.13.1/ext/ffi_c
make "DESTDIR=" clean

current directory: /Users/okamotokeita/rainnotice/vender/bundle/ruby/2.6.0/gems/ffi-1.13.1/ext/ffi_c
make "DESTDIR="
compiling AbstractMemory.c
compiling ArrayType.c
compiling Buffer.c
compiling Call.c
compiling ClosurePool.c
compiling DynamicLibrary.c
compiling Function.c
Function.c:852:17: warning: implicit declaration of function 'ffi_prep_closure_loc' is invalid in C99 [-Wimplicit-function-declaration]
    ffiStatus = ffi_prep_closure_loc(code, &fnInfo->ffi_cif, callback_invoke, closure, code);
                ^
1 warning generated.
compiling FunctionInfo.c
compiling LastError.c
compiling LongDouble.c
compiling MappedType.c
compiling MemoryPointer.c
compiling MethodHandle.c
compiling Platform.c
compiling Pointer.c
compiling Struct.c
compiling StructByValue.c
compiling StructLayout.c
compiling Thread.c
compiling Type.c
compiling Types.c
compiling Variadic.c
Variadic.c:240:17: warning: implicit declaration of function 'ffi_prep_cif_var' is invalid in C99 [-Wimplicit-function-declaration]
    ffiStatus = ffi_prep_cif_var(&cif, invoker->abi, fixedCount, paramCount, ffiReturnType, ffiParamTypes);
                ^
1 warning generated.
compiling ffi.c
linking shared-object ffi_c.bundle
ld: warning: directory not found for option '-L/Applications/Xcode.app/Contents/Developer/Platforms/MacOSX.platform/Developer/SDKs/MacOSX10.15.Internal.sdk/usr/local/lib'

current directory: /Users/okamotokeita/rainnotice/vender/bundle/ruby/2.6.0/gems/ffi-1.13.1/ext/ffi_c
make "DESTDIR=" install
/usr/bin/install -c -m 0755 ffi_c.bundle ./.gem.20200612-1805-16k5kch
